<?xml version="1.0" encoding="UTF-8"?>
<testng-results skipped="0" failed="0" ignored="0" total="2" passed="2">
  <reporter-output>
  </reporter-output>
  <suite name="Default suite" duration-ms="45787" started-at="2019-03-20T07:54:32Z" finished-at="2019-03-20T07:55:17Z">
    <groups>
    </groups>
    <test name="Default test" duration-ms="45787" started-at="2019-03-20T07:54:32Z" finished-at="2019-03-20T07:55:17Z">
      <class name="com.training.sanity.tests.ELearning_TC60">
        <test-method status="PASS" signature="setUp()[pri:0, instance:com.training.sanity.tests.ELearning_TC60@4883b407]" name="setUp" is-config="true" duration-ms="10421" started-at="2019-03-20T07:54:32Z" finished-at="2019-03-20T07:54:42Z">
          <reporter-output>
          </reporter-output>
        </test-method> <!-- setUp -->
        <test-method status="PASS" signature="toCreateCourse()[pri:0, instance:com.training.sanity.tests.ELearning_TC60@4883b407]" name="toCreateCourse" duration-ms="13064" started-at="2019-03-20T07:54:42Z" finished-at="2019-03-20T07:54:55Z">
          <reporter-output>
          </reporter-output>
        </test-method> <!-- toCreateCourse -->
        <test-method status="PASS" signature="toSuscribe()[pri:1, instance:com.training.sanity.tests.ELearning_TC60@4883b407]" name="toSuscribe" duration-ms="20149" started-at="2019-03-20T07:54:55Z" finished-at="2019-03-20T07:55:15Z">
          <reporter-output>
          </reporter-output>
        </test-method> <!-- toSuscribe -->
        <test-method status="PASS" signature="tearDown()[pri:0, instance:com.training.sanity.tests.ELearning_TC60@4883b407]" name="tearDown" is-config="true" duration-ms="2135" started-at="2019-03-20T07:55:15Z" finished-at="2019-03-20T07:55:17Z">
          <reporter-output>
          </reporter-output>
        </test-method> <!-- tearDown -->
      </class> <!-- com.training.sanity.tests.ELearning_TC60 -->
    </test> <!-- Default test -->
  </suite> <!-- Default suite -->
</testng-results>
