<?xml version="1.0" encoding="UTF-8"?>
<testng-results skipped="0" failed="0" ignored="0" total="1" passed="1">
  <reporter-output>
  </reporter-output>
  <suite name="Default suite" duration-ms="31454" started-at="2019-03-12T06:44:15Z" finished-at="2019-03-12T06:44:46Z">
    <groups>
    </groups>
    <test name="Default test" duration-ms="31454" started-at="2019-03-12T06:44:15Z" finished-at="2019-03-12T06:44:46Z">
      <class name="com.training.sanity.tests.ELearning_TC29">
        <test-method status="PASS" signature="setUpBeforeClass()[pri:0, instance:com.training.sanity.tests.ELearning_TC29@7d9d1a19]" name="setUpBeforeClass" is-config="true" duration-ms="11" started-at="2019-03-12T06:44:15Z" finished-at="2019-03-12T06:44:15Z">
          <reporter-output>
          </reporter-output>
        </test-method> <!-- setUpBeforeClass -->
        <test-method status="PASS" signature="setUp()[pri:0, instance:com.training.sanity.tests.ELearning_TC29@7d9d1a19]" name="setUp" is-config="true" duration-ms="12539" started-at="2019-03-12T06:44:15Z" finished-at="2019-03-12T06:44:27Z">
          <reporter-output>
          </reporter-output>
        </test-method> <!-- setUp -->
        <test-method status="PASS" signature="toCreateClass()[pri:0, instance:com.training.sanity.tests.ELearning_TC29@7d9d1a19]" name="toCreateClass" duration-ms="16725" started-at="2019-03-12T06:44:27Z" finished-at="2019-03-12T06:44:44Z">
          <reporter-output>
          </reporter-output>
        </test-method> <!-- toCreateClass -->
        <test-method status="PASS" signature="tearDown()[pri:0, instance:com.training.sanity.tests.ELearning_TC29@7d9d1a19]" name="tearDown" is-config="true" duration-ms="2156" started-at="2019-03-12T06:44:44Z" finished-at="2019-03-12T06:44:46Z">
          <reporter-output>
          </reporter-output>
        </test-method> <!-- tearDown -->
      </class> <!-- com.training.sanity.tests.ELearning_TC29 -->
    </test> <!-- Default test -->
  </suite> <!-- Default suite -->
</testng-results>
